==8375== Memcheck, a memory error detector
==8375== Copyright (C) 2002-2015, and GNU GPL'd, by Julian Seward et al.
==8375== Using Valgrind-3.11.0 and LibVEX; rerun with -h for copyright info
==8375== Command: bin/xacto -p 9999
==8375== Parent PID: 8363
==8375== 
--8375-- 
--8375-- Valgrind options:
--8375--    --leak-check=full
--8375--    --track-fds=yes
--8375--    --error-exitcode=37
--8375--    --log-file=valgrind.out
--8375--    -v
--8375-- Contents of /proc/version:
--8375--   Linux version 4.10.0-38-generic (buildd@lgw01-amd64-059) (gcc version 5.4.0 20160609 (Ubuntu 5.4.0-6ubuntu1~16.04.4) ) #42~16.04.1-Ubuntu SMP Tue Oct 10 16:32:20 UTC 2017
--8375-- 
--8375-- Arch and hwcaps: AMD64, LittleEndian, amd64-cx16-lzcnt-rdtscp-sse3-avx-avx2
--8375-- Page sizes: currently 4096, max supported 4096
--8375-- Valgrind library directory: /usr/lib/valgrind
--8375-- Reading syms from /home/student/daxie/hw5/bin/xacto
--8375-- Reading syms from /lib/x86_64-linux-gnu/ld-2.23.so
--8375--   Considering /lib/x86_64-linux-gnu/ld-2.23.so ..
--8375--   .. CRC mismatch (computed aa979a42 wanted 9019bbb7)
--8375--   Considering /usr/lib/debug/lib/x86_64-linux-gnu/ld-2.23.so ..
--8375--   .. CRC is valid
--8375-- Reading syms from /usr/lib/valgrind/memcheck-amd64-linux
--8375--   Considering /usr/lib/valgrind/memcheck-amd64-linux ..
--8375--   .. CRC mismatch (computed eea41ea9 wanted 2009db78)
--8375--    object doesn't have a symbol table
--8375--    object doesn't have a dynamic symbol table
--8375-- Scheduler: using generic scheduler lock implementation.
--8375-- Reading suppressions file: /usr/lib/valgrind/default.supp
==8375== embedded gdbserver: reading from /tmp/vgdb-pipe-from-vgdb-to-8375-by-student-on-???
==8375== embedded gdbserver: writing to   /tmp/vgdb-pipe-to-vgdb-from-8375-by-student-on-???
==8375== embedded gdbserver: shared mem   /tmp/vgdb-pipe-shared-mem-vgdb-8375-by-student-on-???
==8375== 
==8375== TO CONTROL THIS PROCESS USING vgdb (which you probably
==8375== don't want to do, unless you know exactly what you're doing,
==8375== or are doing some strange experiment):
==8375==   /usr/lib/valgrind/../../bin/vgdb --pid=8375 ...command...
==8375== 
==8375== TO DEBUG THIS PROCESS USING GDB: start GDB like this
==8375==   /path/to/gdb bin/xacto
==8375== and then give GDB the following command
==8375==   target remote | /usr/lib/valgrind/../../bin/vgdb --pid=8375
==8375== --pid is optional if only one valgrind process is running
==8375== 
--8375-- REDIR: 0x401cfd0 (ld-linux-x86-64.so.2:strlen) redirected to 0x3809e181 (???)
--8375-- Reading syms from /usr/lib/valgrind/vgpreload_core-amd64-linux.so
--8375--   Considering /usr/lib/valgrind/vgpreload_core-amd64-linux.so ..
--8375--   .. CRC mismatch (computed 2567ccf6 wanted 49420590)
--8375--    object doesn't have a symbol table
--8375-- Reading syms from /usr/lib/valgrind/vgpreload_memcheck-amd64-linux.so
--8375--   Considering /usr/lib/valgrind/vgpreload_memcheck-amd64-linux.so ..
--8375--   .. CRC mismatch (computed 0e27c9a8 wanted ac585421)
--8375--    object doesn't have a symbol table
==8375== WARNING: new redirection conflicts with existing -- ignoring it
--8375--     old: 0x0401cfd0 (strlen              ) R-> (0000.0) 0x3809e181 ???
--8375--     new: 0x0401cfd0 (strlen              ) R-> (2007.0) 0x04c31020 strlen
--8375-- REDIR: 0x401b920 (ld-linux-x86-64.so.2:index) redirected to 0x4c30bc0 (index)
--8375-- REDIR: 0x401bb40 (ld-linux-x86-64.so.2:strcmp) redirected to 0x4c320d0 (strcmp)
--8375-- REDIR: 0x401dd30 (ld-linux-x86-64.so.2:mempcpy) redirected to 0x4c35270 (mempcpy)
--8375-- Reading syms from /lib/x86_64-linux-gnu/libpthread-2.23.so
--8375--   Considering /usr/lib/debug/.build-id/ce/17e023542265fc11d9bc8f534bb4f070493d30.debug ..
--8375--   .. build-id is valid
--8375-- Reading syms from /lib/x86_64-linux-gnu/libc-2.23.so
--8375--   Considering /lib/x86_64-linux-gnu/libc-2.23.so ..
--8375--   .. CRC mismatch (computed 7a8ee3e4 wanted a5190ac4)
--8375--   Considering /usr/lib/debug/lib/x86_64-linux-gnu/libc-2.23.so ..
--8375--   .. CRC is valid
--8375-- REDIR: 0x50e6a00 (libc.so.6:strcasecmp) redirected to 0x4a286f0 (_vgnU_ifunc_wrapper)
--8375-- REDIR: 0x50e2280 (libc.so.6:strcspn) redirected to 0x4a286f0 (_vgnU_ifunc_wrapper)
--8375-- REDIR: 0x50e8cf0 (libc.so.6:strncasecmp) redirected to 0x4a286f0 (_vgnU_ifunc_wrapper)
--8375-- REDIR: 0x50e46f0 (libc.so.6:strpbrk) redirected to 0x4a286f0 (_vgnU_ifunc_wrapper)
--8375-- REDIR: 0x50e4a80 (libc.so.6:strspn) redirected to 0x4a286f0 (_vgnU_ifunc_wrapper)
--8375-- REDIR: 0x50e614b (libc.so.6:memcpy@GLIBC_2.2.5) redirected to 0x4a286f0 (_vgnU_ifunc_wrapper)
--8375-- REDIR: 0x50e4400 (libc.so.6:rindex) redirected to 0x4c308a0 (rindex)
--8375-- REDIR: 0x50e2720 (libc.so.6:strlen) redirected to 0x4c30f60 (strlen)
--8375-- REDIR: 0x50e0ab0 (libc.so.6:__GI_strchr) redirected to 0x4c30a00 (__GI_strchr)
--8375-- REDIR: 0x50ed760 (libc.so.6:strchrnul) redirected to 0x4c34da0 (strchrnul)
--8375-- REDIR: 0x50e63b0 (libc.so.6:__GI_mempcpy) redirected to 0x4c34fa0 (__GI_mempcpy)
--8375-- REDIR: 0x50db130 (libc.so.6:malloc) redirected to 0x4c2db20 (malloc)
--8375-- REDIR: 0x50dbd10 (libc.so.6:calloc) redirected to 0x4c2faa0 (calloc)
--8375-- REDIR: 0x50e61b0 (libc.so.6:memset) redirected to 0x4a286f0 (_vgnU_ifunc_wrapper)
--8375-- REDIR: 0x51c9970 (libc.so.6:__memset_avx2) redirected to 0x4c344c0 (memset)
--8375-- REDIR: 0x50db6c0 (libc.so.6:realloc) redirected to 0x4c2fce0 (realloc)
--8375-- REDIR: 0x50e5060 (libc.so.6:__GI_strstr) redirected to 0x4c354d0 (__strstr_sse2)
--8375-- REDIR: 0x50e5860 (libc.so.6:memchr) redirected to 0x4c32170 (memchr)
--8375-- REDIR: 0x50eb470 (libc.so.6:__GI_memcpy) redirected to 0x4c32b00 (__GI_memcpy)
--8375-- REDIR: 0x50db4f0 (libc.so.6:free) redirected to 0x4c2ed80 (free)
--8375-- REDIR: 0x50e5bf0 (libc.so.6:__GI_memcmp) redirected to 0x4c33b90 (__GI_memcmp)
==8375== Thread 2:
==8375== Invalid read of size 4
==8375==    at 0x4E43D44: pthread_mutex_lock (pthread_mutex_lock.c:67)
==8375==    by 0x404CD5: trans_get_status (transaction.c:253)
==8375==    by 0x405640: xacto_client_service (server.c:308)
==8375==    by 0x4E416B9: start_thread (pthread_create.c:333)
==8375==  Address 0x5422f20 is 80 bytes inside a block of size 120 free'd
==8375==    at 0x4C2EDEB: free (in /usr/lib/valgrind/vgpreload_memcheck-amd64-linux.so)
==8375==    by 0x404753: trans_unref (transaction.c:122)
==8375==    by 0x404A69: trans_abort (transaction.c:220)
==8375==    by 0x404E9B: xacto_client_service (server.c:66)
==8375==    by 0x4E416B9: start_thread (pthread_create.c:333)
==8375==  Block was alloc'd at
==8375==    at 0x4C2FB55: calloc (in /usr/lib/valgrind/vgpreload_memcheck-amd64-linux.so)
==8375==    by 0x404443: trans_create (transaction.c:71)
==8375==    by 0x404E1A: xacto_client_service (server.c:47)
==8375==    by 0x4E416B9: start_thread (pthread_create.c:333)
==8375== 
==8375== Invalid read of size 4
==8375==    at 0x4E436F9: __pthread_mutex_lock_full (pthread_mutex_lock.c:175)
==8375==    by 0x404CD5: trans_get_status (transaction.c:253)
==8375==    by 0x405640: xacto_client_service (server.c:308)
==8375==    by 0x4E416B9: start_thread (pthread_create.c:333)
==8375==  Address 0x5422f20 is 80 bytes inside a block of size 120 free'd
==8375==    at 0x4C2EDEB: free (in /usr/lib/valgrind/vgpreload_memcheck-amd64-linux.so)
==8375==    by 0x404753: trans_unref (transaction.c:122)
==8375==    by 0x404A69: trans_abort (transaction.c:220)
==8375==    by 0x404E9B: xacto_client_service (server.c:66)
==8375==    by 0x4E416B9: start_thread (pthread_create.c:333)
==8375==  Block was alloc'd at
==8375==    at 0x4C2FB55: calloc (in /usr/lib/valgrind/vgpreload_memcheck-amd64-linux.so)
==8375==    by 0x404443: trans_create (transaction.c:71)
==8375==    by 0x404E1A: xacto_client_service (server.c:47)
==8375==    by 0x4E416B9: start_thread (pthread_create.c:333)
==8375== 
==8375== Invalid read of size 4
==8375==    at 0x404CDA: trans_get_status (transaction.c:254)
==8375==    by 0x405640: xacto_client_service (server.c:308)
==8375==    by 0x4E416B9: start_thread (pthread_create.c:333)
==8375==  Address 0x5422ed8 is 8 bytes inside a block of size 120 free'd
==8375==    at 0x4C2EDEB: free (in /usr/lib/valgrind/vgpreload_memcheck-amd64-linux.so)
==8375==    by 0x404753: trans_unref (transaction.c:122)
==8375==    by 0x404A69: trans_abort (transaction.c:220)
==8375==    by 0x404E9B: xacto_client_service (server.c:66)
==8375==    by 0x4E416B9: start_thread (pthread_create.c:333)
==8375==  Block was alloc'd at
==8375==    at 0x4C2FB55: calloc (in /usr/lib/valgrind/vgpreload_memcheck-amd64-linux.so)
==8375==    by 0x404443: trans_create (transaction.c:71)
==8375==    by 0x404E1A: xacto_client_service (server.c:47)
==8375==    by 0x4E416B9: start_thread (pthread_create.c:333)
==8375== 
==8375== Invalid read of size 4
==8375==    at 0x4E454C0: __pthread_mutex_unlock_usercnt (pthread_mutex_unlock.c:39)
==8375==    by 0x4E454C0: pthread_mutex_unlock (pthread_mutex_unlock.c:314)
==8375==    by 0x404CEB: trans_get_status (transaction.c:255)
==8375==    by 0x405640: xacto_client_service (server.c:308)
==8375==    by 0x4E416B9: start_thread (pthread_create.c:333)
==8375==  Address 0x5422f20 is 80 bytes inside a block of size 120 free'd
==8375==    at 0x4C2EDEB: free (in /usr/lib/valgrind/vgpreload_memcheck-amd64-linux.so)
==8375==    by 0x404753: trans_unref (transaction.c:122)
==8375==    by 0x404A69: trans_abort (transaction.c:220)
==8375==    by 0x404E9B: xacto_client_service (server.c:66)
==8375==    by 0x4E416B9: start_thread (pthread_create.c:333)
==8375==  Block was alloc'd at
==8375==    at 0x4C2FB55: calloc (in /usr/lib/valgrind/vgpreload_memcheck-amd64-linux.so)
==8375==    by 0x404443: trans_create (transaction.c:71)
==8375==    by 0x404E1A: xacto_client_service (server.c:47)
==8375==    by 0x4E416B9: start_thread (pthread_create.c:333)
==8375== 
==8375== Invalid read of size 4
==8375==    at 0x4E45010: __pthread_mutex_unlock_full (pthread_mutex_unlock.c:100)
==8375==    by 0x404CEB: trans_get_status (transaction.c:255)
==8375==    by 0x405640: xacto_client_service (server.c:308)
==8375==    by 0x4E416B9: start_thread (pthread_create.c:333)
==8375==  Address 0x5422f20 is 80 bytes inside a block of size 120 free'd
==8375==    at 0x4C2EDEB: free (in /usr/lib/valgrind/vgpreload_memcheck-amd64-linux.so)
==8375==    by 0x404753: trans_unref (transaction.c:122)
==8375==    by 0x404A69: trans_abort (transaction.c:220)
==8375==    by 0x404E9B: xacto_client_service (server.c:66)
==8375==    by 0x4E416B9: start_thread (pthread_create.c:333)
==8375==  Block was alloc'd at
==8375==    at 0x4C2FB55: calloc (in /usr/lib/valgrind/vgpreload_memcheck-amd64-linux.so)
==8375==    by 0x404443: trans_create (transaction.c:71)
==8375==    by 0x404E1A: xacto_client_service (server.c:47)
==8375==    by 0x4E416B9: start_thread (pthread_create.c:333)
==8375== 
==8375== 
==8375== FILE DESCRIPTORS: 8 open at exit.
==8375== Open AF_INET socket 5: 0.0.0.0:9999 <-> unbound
==8375==    at 0x515F5A7: socket (syscall-template.S:84)
==8375==    by 0x403E0D: open_listenfd (csapp.c:1015)
==8375==    by 0x402361: main (main.c:116)
==8375== 
==8375== Open file descriptor 13: /dev/shm/bxf_arena_8361 (deleted)
==8375==    <inherited from parent>
==8375== 
==8375== Open file descriptor 11: /dev/shm/bxf_arena_8361 (deleted)
==8375==    <inherited from parent>
==8375== 
==8375== Open file descriptor 4:
==8375==    <inherited from parent>
==8375== 
==8375== Open file descriptor 3: /home/student/daxie/hw5/valgrind.out
==8375==    <inherited from parent>
==8375== 
==8375== Open file descriptor 2: /dev/pts/0
==8375==    <inherited from parent>
==8375== 
==8375== Open file descriptor 1: /dev/pts/0
==8375==    <inherited from parent>
==8375== 
==8375== Open file descriptor 0:
==8375==    <inherited from parent>
==8375== 
==8375== 
==8375== HEAP SUMMARY:
==8375==     in use at exit: 124 bytes in 3 blocks
==8375==   total heap usage: 17 allocs, 14 frees, 8,100 bytes allocated
==8375== 
==8375== Searching for pointers to 3 not-freed blocks
==8375== Checked 83,888 bytes
==8375== 
==8375== LEAK SUMMARY:
==8375==    definitely lost: 0 bytes in 0 blocks
==8375==    indirectly lost: 0 bytes in 0 blocks
==8375==      possibly lost: 0 bytes in 0 blocks
==8375==    still reachable: 124 bytes in 3 blocks
==8375==         suppressed: 0 bytes in 0 blocks
==8375== Reachable blocks (those to which a pointer was found) are not shown.
==8375== To see them, rerun with: --leak-check=full --show-leak-kinds=all
==8375== 
==8375== ERROR SUMMARY: 5 errors from 5 contexts (suppressed: 0 from 0)
==8375== 
==8375== 1 errors in context 1 of 5:
==8375== Invalid read of size 4
==8375==    at 0x4E45010: __pthread_mutex_unlock_full (pthread_mutex_unlock.c:100)
==8375==    by 0x404CEB: trans_get_status (transaction.c:255)
==8375==    by 0x405640: xacto_client_service (server.c:308)
==8375==    by 0x4E416B9: start_thread (pthread_create.c:333)
==8375==  Address 0x5422f20 is 80 bytes inside a block of size 120 free'd
==8375==    at 0x4C2EDEB: free (in /usr/lib/valgrind/vgpreload_memcheck-amd64-linux.so)
==8375==    by 0x404753: trans_unref (transaction.c:122)
==8375==    by 0x404A69: trans_abort (transaction.c:220)
==8375==    by 0x404E9B: xacto_client_service (server.c:66)
==8375==    by 0x4E416B9: start_thread (pthread_create.c:333)
==8375==  Block was alloc'd at
==8375==    at 0x4C2FB55: calloc (in /usr/lib/valgrind/vgpreload_memcheck-amd64-linux.so)
==8375==    by 0x404443: trans_create (transaction.c:71)
==8375==    by 0x404E1A: xacto_client_service (server.c:47)
==8375==    by 0x4E416B9: start_thread (pthread_create.c:333)
==8375== 
==8375== 
==8375== 1 errors in context 2 of 5:
==8375== Invalid read of size 4
==8375==    at 0x4E454C0: __pthread_mutex_unlock_usercnt (pthread_mutex_unlock.c:39)
==8375==    by 0x4E454C0: pthread_mutex_unlock (pthread_mutex_unlock.c:314)
==8375==    by 0x404CEB: trans_get_status (transaction.c:255)
==8375==    by 0x405640: xacto_client_service (server.c:308)
==8375==    by 0x4E416B9: start_thread (pthread_create.c:333)
==8375==  Address 0x5422f20 is 80 bytes inside a block of size 120 free'd
==8375==    at 0x4C2EDEB: free (in /usr/lib/valgrind/vgpreload_memcheck-amd64-linux.so)
==8375==    by 0x404753: trans_unref (transaction.c:122)
==8375==    by 0x404A69: trans_abort (transaction.c:220)
==8375==    by 0x404E9B: xacto_client_service (server.c:66)
==8375==    by 0x4E416B9: start_thread (pthread_create.c:333)
==8375==  Block was alloc'd at
==8375==    at 0x4C2FB55: calloc (in /usr/lib/valgrind/vgpreload_memcheck-amd64-linux.so)
==8375==    by 0x404443: trans_create (transaction.c:71)
==8375==    by 0x404E1A: xacto_client_service (server.c:47)
==8375==    by 0x4E416B9: start_thread (pthread_create.c:333)
==8375== 
==8375== 
==8375== 1 errors in context 3 of 5:
==8375== Invalid read of size 4
==8375==    at 0x404CDA: trans_get_status (transaction.c:254)
==8375==    by 0x405640: xacto_client_service (server.c:308)
==8375==    by 0x4E416B9: start_thread (pthread_create.c:333)
==8375==  Address 0x5422ed8 is 8 bytes inside a block of size 120 free'd
==8375==    at 0x4C2EDEB: free (in /usr/lib/valgrind/vgpreload_memcheck-amd64-linux.so)
==8375==    by 0x404753: trans_unref (transaction.c:122)
==8375==    by 0x404A69: trans_abort (transaction.c:220)
==8375==    by 0x404E9B: xacto_client_service (server.c:66)
==8375==    by 0x4E416B9: start_thread (pthread_create.c:333)
==8375==  Block was alloc'd at
==8375==    at 0x4C2FB55: calloc (in /usr/lib/valgrind/vgpreload_memcheck-amd64-linux.so)
==8375==    by 0x404443: trans_create (transaction.c:71)
==8375==    by 0x404E1A: xacto_client_service (server.c:47)
==8375==    by 0x4E416B9: start_thread (pthread_create.c:333)
==8375== 
==8375== 
==8375== 1 errors in context 4 of 5:
==8375== Invalid read of size 4
==8375==    at 0x4E436F9: __pthread_mutex_lock_full (pthread_mutex_lock.c:175)
==8375==    by 0x404CD5: trans_get_status (transaction.c:253)
==8375==    by 0x405640: xacto_client_service (server.c:308)
==8375==    by 0x4E416B9: start_thread (pthread_create.c:333)
==8375==  Address 0x5422f20 is 80 bytes inside a block of size 120 free'd
==8375==    at 0x4C2EDEB: free (in /usr/lib/valgrind/vgpreload_memcheck-amd64-linux.so)
==8375==    by 0x404753: trans_unref (transaction.c:122)
==8375==    by 0x404A69: trans_abort (transaction.c:220)
==8375==    by 0x404E9B: xacto_client_service (server.c:66)
==8375==    by 0x4E416B9: start_thread (pthread_create.c:333)
==8375==  Block was alloc'd at
==8375==    at 0x4C2FB55: calloc (in /usr/lib/valgrind/vgpreload_memcheck-amd64-linux.so)
==8375==    by 0x404443: trans_create (transaction.c:71)
==8375==    by 0x404E1A: xacto_client_service (server.c:47)
==8375==    by 0x4E416B9: start_thread (pthread_create.c:333)
==8375== 
==8375== 
==8375== 1 errors in context 5 of 5:
==8375== Invalid read of size 4
==8375==    at 0x4E43D44: pthread_mutex_lock (pthread_mutex_lock.c:67)
==8375==    by 0x404CD5: trans_get_status (transaction.c:253)
==8375==    by 0x405640: xacto_client_service (server.c:308)
==8375==    by 0x4E416B9: start_thread (pthread_create.c:333)
==8375==  Address 0x5422f20 is 80 bytes inside a block of size 120 free'd
==8375==    at 0x4C2EDEB: free (in /usr/lib/valgrind/vgpreload_memcheck-amd64-linux.so)
==8375==    by 0x404753: trans_unref (transaction.c:122)
==8375==    by 0x404A69: trans_abort (transaction.c:220)
==8375==    by 0x404E9B: xacto_client_service (server.c:66)
==8375==    by 0x4E416B9: start_thread (pthread_create.c:333)
==8375==  Block was alloc'd at
==8375==    at 0x4C2FB55: calloc (in /usr/lib/valgrind/vgpreload_memcheck-amd64-linux.so)
==8375==    by 0x404443: trans_create (transaction.c:71)
==8375==    by 0x404E1A: xacto_client_service (server.c:47)
==8375==    by 0x4E416B9: start_thread (pthread_create.c:333)
==8375== 
==8375== ERROR SUMMARY: 5 errors from 5 contexts (suppressed: 0 from 0)
